<?xml version="1.0" encoding="UTF-8"?>
<!-- Generated by org.testng.reporters.JUnitXMLReporter -->
<testsuite ignored="0" hostname="DE-L083646" failures="0" tests="3" name="Test" time="22.2" errors="0" timestamp="2023-03-23T11:26:59 CET">
  <testcase classname="com.AutomationTalks.demoProject_1.TestClass1" name="Test1" time="2.599"/>
  <testcase classname="com.AutomationTalks.demoProject_1.TestClass1" name="Test2" time="2.709"/>
  <testcase classname="com.AutomationTalks.demoProject_1.TestClass1" name="Test3" time="1.906"/>
</testsuite> <!-- Test -->
