<?xml version="1.0" encoding="UTF-8"?>
<testng-results ignored="0" total="3" passed="3" failed="0" skipped="0">
  <reporter-output>
  </reporter-output>
  <suite started-at="2023-03-23T11:28:09 CET" name="Suite" finished-at="2023-03-23T11:28:40 CET" duration-ms="30561">
    <groups>
    </groups>
    <test started-at="2023-03-23T11:28:09 CET" name="Test" finished-at="2023-03-23T11:28:40 CET" duration-ms="30561">
      <class name="com.AutomationTalks.demoProject_1.TestClass1">
        <test-method is-config="true" signature="launchDriver()[pri:0, instance:com.AutomationTalks.demoProject_1.TestClass1@5a63f509]" started-at="2023-03-23T11:28:09 CET" name="launchDriver" finished-at="2023-03-23T11:28:14 CET" duration-ms="4994" status="PASS">
          <reporter-output>
          </reporter-output>
        </test-method> <!-- launchDriver -->
        <test-method signature="Test1()[pri:0, instance:com.AutomationTalks.demoProject_1.TestClass1@5a63f509]" started-at="2023-03-23T11:28:14 CET" name="Test1" finished-at="2023-03-23T11:28:17 CET" duration-ms="3290" status="PASS">
          <reporter-output>
          </reporter-output>
        </test-method> <!-- Test1 -->
        <test-method is-config="true" signature="quit()[pri:0, instance:com.AutomationTalks.demoProject_1.TestClass1@5a63f509]" started-at="2023-03-23T11:28:17 CET" name="quit" finished-at="2023-03-23T11:28:19 CET" duration-ms="1646" status="PASS">
          <reporter-output>
          </reporter-output>
        </test-method> <!-- quit -->
        <test-method is-config="true" signature="launchDriver()[pri:0, instance:com.AutomationTalks.demoProject_1.TestClass1@5a63f509]" started-at="2023-03-23T11:28:19 CET" name="launchDriver" finished-at="2023-03-23T11:28:27 CET" duration-ms="8361" status="PASS">
          <reporter-output>
          </reporter-output>
        </test-method> <!-- launchDriver -->
        <test-method signature="Test2()[pri:0, instance:com.AutomationTalks.demoProject_1.TestClass1@5a63f509]" started-at="2023-03-23T11:28:27 CET" name="Test2" finished-at="2023-03-23T11:28:31 CET" duration-ms="4064" status="PASS">
          <reporter-output>
          </reporter-output>
        </test-method> <!-- Test2 -->
        <test-method is-config="true" signature="quit()[pri:0, instance:com.AutomationTalks.demoProject_1.TestClass1@5a63f509]" started-at="2023-03-23T11:28:31 CET" name="quit" finished-at="2023-03-23T11:28:32 CET" duration-ms="879" status="PASS">
          <reporter-output>
          </reporter-output>
        </test-method> <!-- quit -->
        <test-method is-config="true" signature="launchDriver()[pri:0, instance:com.AutomationTalks.demoProject_1.TestClass1@5a63f509]" started-at="2023-03-23T11:28:32 CET" name="launchDriver" finished-at="2023-03-23T11:28:36 CET" duration-ms="3790" status="PASS">
          <reporter-output>
          </reporter-output>
        </test-method> <!-- launchDriver -->
        <test-method signature="Test3()[pri:0, instance:com.AutomationTalks.demoProject_1.TestClass1@5a63f509]" started-at="2023-03-23T11:28:36 CET" name="Test3" finished-at="2023-03-23T11:28:39 CET" duration-ms="2510" status="PASS">
          <reporter-output>
          </reporter-output>
        </test-method> <!-- Test3 -->
        <test-method is-config="true" signature="quit()[pri:0, instance:com.AutomationTalks.demoProject_1.TestClass1@5a63f509]" started-at="2023-03-23T11:28:39 CET" name="quit" finished-at="2023-03-23T11:28:40 CET" duration-ms="956" status="PASS">
          <reporter-output>
          </reporter-output>
        </test-method> <!-- quit -->
      </class> <!-- com.AutomationTalks.demoProject_1.TestClass1 -->
    </test> <!-- Test -->
  </suite> <!-- Suite -->
</testng-results>
