<?xml version="1.0" encoding="UTF-8"?>
<testsuite xmlns:xsi="http://www.w3.org/2001/XMLSchema-instance" xsi:noNamespaceSchemaLocation="https://maven.apache.org/surefire/maven-surefire-plugin/xsd/surefire-test-report.xsd" name="TestSuite" time="31.364" tests="3" errors="0" skipped="0" failures="0">
  <properties>
[...]
</properties>
  <testcase name="Test1" classname="com.AutomationTalks.demoProject_1.TestClass1" time="3.297"/>
  <testcase name="Test2" classname="com.AutomationTalks.demoProject_1.TestClass1" time="4.062"/>
  <testcase name="Test3" classname="com.AutomationTalks.demoProject_1.TestClass1" time="2.509"/>
</testsuite>