<?xml version="1.0" encoding="UTF-8"?>
<testng-results ignored="0" total="3" passed="3" failed="0" skipped="0">
  <reporter-output>
  </reporter-output>
  <suite started-at="2023-03-23T11:26:37 CET" name="Suite" finished-at="2023-03-23T11:26:59 CET" duration-ms="22200">
    <groups>
    </groups>
    <test started-at="2023-03-23T11:26:37 CET" name="Test" finished-at="2023-03-23T11:26:59 CET" duration-ms="22200">
      <class name="com.AutomationTalks.demoProject_1.TestClass1">
        <test-method is-config="true" signature="launchDriver()[pri:0, instance:com.AutomationTalks.demoProject_1.TestClass1@35e2d654]" started-at="2023-03-23T11:26:37 CET" name="launchDriver" finished-at="2023-03-23T11:26:42 CET" duration-ms="5181" status="PASS">
          <reporter-output>
          </reporter-output>
        </test-method> <!-- launchDriver -->
        <test-method signature="Test1()[pri:0, instance:com.AutomationTalks.demoProject_1.TestClass1@35e2d654]" started-at="2023-03-23T11:26:42 CET" name="Test1" finished-at="2023-03-23T11:26:45 CET" duration-ms="2599" status="PASS">
          <reporter-output>
          </reporter-output>
        </test-method> <!-- Test1 -->
        <test-method is-config="true" signature="quit()[pri:0, instance:com.AutomationTalks.demoProject_1.TestClass1@35e2d654]" started-at="2023-03-23T11:26:45 CET" name="quit" finished-at="2023-03-23T11:26:46 CET" duration-ms="910" status="PASS">
          <reporter-output>
          </reporter-output>
        </test-method> <!-- quit -->
        <test-method is-config="true" signature="launchDriver()[pri:0, instance:com.AutomationTalks.demoProject_1.TestClass1@35e2d654]" started-at="2023-03-23T11:26:46 CET" name="launchDriver" finished-at="2023-03-23T11:26:49 CET" duration-ms="3337" status="PASS">
          <reporter-output>
          </reporter-output>
        </test-method> <!-- launchDriver -->
        <test-method signature="Test2()[pri:0, instance:com.AutomationTalks.demoProject_1.TestClass1@35e2d654]" started-at="2023-03-23T11:26:49 CET" name="Test2" finished-at="2023-03-23T11:26:52 CET" duration-ms="2709" status="PASS">
          <reporter-output>
          </reporter-output>
        </test-method> <!-- Test2 -->
        <test-method is-config="true" signature="quit()[pri:0, instance:com.AutomationTalks.demoProject_1.TestClass1@35e2d654]" started-at="2023-03-23T11:26:52 CET" name="quit" finished-at="2023-03-23T11:26:53 CET" duration-ms="907" status="PASS">
          <reporter-output>
          </reporter-output>
        </test-method> <!-- quit -->
        <test-method is-config="true" signature="launchDriver()[pri:0, instance:com.AutomationTalks.demoProject_1.TestClass1@35e2d654]" started-at="2023-03-23T11:26:53 CET" name="launchDriver" finished-at="2023-03-23T11:26:56 CET" duration-ms="3618" status="PASS">
          <reporter-output>
          </reporter-output>
        </test-method> <!-- launchDriver -->
        <test-method signature="Test3()[pri:0, instance:com.AutomationTalks.demoProject_1.TestClass1@35e2d654]" started-at="2023-03-23T11:26:56 CET" name="Test3" finished-at="2023-03-23T11:26:58 CET" duration-ms="1906" status="PASS">
          <reporter-output>
          </reporter-output>
        </test-method> <!-- Test3 -->
        <test-method is-config="true" signature="quit()[pri:0, instance:com.AutomationTalks.demoProject_1.TestClass1@35e2d654]" started-at="2023-03-23T11:26:58 CET" name="quit" finished-at="2023-03-23T11:26:59 CET" duration-ms="966" status="PASS">
          <reporter-output>
          </reporter-output>
        </test-method> <!-- quit -->
      </class> <!-- com.AutomationTalks.demoProject_1.TestClass1 -->
    </test> <!-- Test -->
  </suite> <!-- Suite -->
</testng-results>
